app/build/intermediates/manifest_merge_blame_file/debug/processDebugMainManifest/manifest-merger-blame-debug-report.txt
1<?xml version="1.0" encoding="utf-8"?>
2<manifest xmlns:android="http://schemas.android.com/apk/res/android"
3    package="com.company.warehousevio"
4    android:versionCode="1"
5    android:versionName="1.0" >
6
7    <uses-sdk
8        android:minSdkVersion="26"
9        android:targetSdkVersion="36" />
10
11    <!-- Permisos para ARCore y cámara (rol Tracker) -->
12    <uses-permission android:name="android.permission.CAMERA" />
12-->src\main\AndroidManifest.xml:5:5-65
12-->src\main\AndroidManifest.xml:5:22-62
13
14    <!-- Permisos de red (ambos roles) -->
15    <uses-permission android:name="android.permission.INTERNET" />
15-->src\main\AndroidManifest.xml:8:5-67
15-->src\main\AndroidManifest.xml:8:22-64
16    <uses-permission android:name="android.permission.ACCESS_WIFI_STATE" />
16-->src\main\AndroidManifest.xml:9:5-76
16-->src\main\AndroidManifest.xml:9:22-73
17    <uses-permission android:name="android.permission.CHANGE_WIFI_STATE" />
17-->src\main\AndroidManifest.xml:10:5-76
17-->src\main\AndroidManifest.xml:10:22-73
18    <uses-permission android:name="android.permission.ACCESS_NETWORK_STATE" />
18-->src\main\AndroidManifest.xml:11:5-79
18-->src\main\AndroidManifest.xml:11:22-76
19    <uses-permission android:name="android.permission.CHANGE_NETWORK_STATE" />
19-->src\main\AndroidManifest.xml:12:5-79
19-->src\main\AndroidManifest.xml:12:22-76
20
21    <!-- Wi-Fi Direct (producción) -->
22    <uses-permission android:name="android.permission.ACCESS_FINE_LOCATION" />
22-->src\main\AndroidManifest.xml:15:5-79
22-->src\main\AndroidManifest.xml:15:22-76
23    <uses-permission
23-->src\main\AndroidManifest.xml:16:5-17:58
24        android:name="android.permission.NEARBY_WIFI_DEVICES"
24-->src\main\AndroidManifest.xml:16:22-75
25        android:usesPermissionFlags="neverForLocation" />
25-->src\main\AndroidManifest.xml:17:9-55
26
27    <!-- ARCore: indica que la app usa AR pero no es AR-only (puede correr sin ella en Monitor) -->
28    <uses-feature
28-->src\main\AndroidManifest.xml:20:5-88
29        android:name="android.hardware.camera.ar"
29-->src\main\AndroidManifest.xml:20:19-60
30        android:required="false" />
30-->src\main\AndroidManifest.xml:20:61-85
31
32    <!-- ARCore: instalación opcional -->
33    <meta-data
33-->src\main\AndroidManifest.xml:23:5-77
34        android:name="com.google.ar.core"
34-->src\main\AndroidManifest.xml:23:16-49
35        android:value="optional" />
35-->src\main\AndroidManifest.xml:23:50-74
36
37    <permission
37-->[androidx.core:core:1.16.0] AndroidManifest.xml:22:5-24:47
38        android:name="com.company.warehousevio.DYNAMIC_RECEIVER_NOT_EXPORTED_PERMISSION"
38-->[androidx.core:core:1.16.0] AndroidManifest.xml:23:9-81
39        android:protectionLevel="signature" />
39-->[androidx.core:core:1.16.0] AndroidManifest.xml:24:9-44
40
41    <uses-permission android:name="com.company.warehousevio.DYNAMIC_RECEIVER_NOT_EXPORTED_PERMISSION" />
41-->[androidx.core:core:1.16.0] AndroidManifest.xml:26:5-97
41-->[androidx.core:core:1.16.0] AndroidManifest.xml:26:22-94
42
43    <queries>
43-->[com.google.ar:core:1.47.0] AndroidManifest.xml:20:5-27:15
44        <package android:name="com.google.ar.core" />
44-->[com.google.ar:core:1.47.0] AndroidManifest.xml:21:9-54
44-->[com.google.ar:core:1.47.0] AndroidManifest.xml:21:18-51
45        <package android:name="com.android.vending" />
45-->[com.google.ar:core:1.47.0] AndroidManifest.xml:22:9-55
45-->[com.google.ar:core:1.47.0] AndroidManifest.xml:22:18-52
46
47        <intent>
47-->[com.google.ar:core:1.47.0] AndroidManifest.xml:24:9-26:18
48            <action android:name="com.google.android.play.core.install.BIND_INSTALL_SERVICE" />
48-->[com.google.ar:core:1.47.0] AndroidManifest.xml:25:13-96
48-->[com.google.ar:core:1.47.0] AndroidManifest.xml:25:21-93
49        </intent>
50    </queries>
51
52    <application
52-->src\main\AndroidManifest.xml:25:5-52:19
53        android:allowBackup="true"
53-->src\main\AndroidManifest.xml:26:9-35
54        android:appComponentFactory="androidx.core.app.CoreComponentFactory"
54-->[androidx.core:core:1.16.0] AndroidManifest.xml:28:18-86
55        android:debuggable="true"
56        android:extractNativeLibs="false"
57        android:label="@string/app_name"
57-->src\main\AndroidManifest.xml:27:9-41
58        android:supportsRtl="true"
58-->src\main\AndroidManifest.xml:29:9-35
59        android:theme="@style/Theme.WarehouseVIO" >
59-->src\main\AndroidManifest.xml:28:9-50
60        <activity
60-->src\main\AndroidManifest.xml:31:9-39:20
61            android:name="com.company.warehousevio.ui.MainActivity"
61-->src\main\AndroidManifest.xml:32:13-44
62            android:exported="true"
62-->src\main\AndroidManifest.xml:33:13-36
63            android:screenOrientation="portrait" >
63-->src\main\AndroidManifest.xml:34:13-49
64            <intent-filter>
64-->src\main\AndroidManifest.xml:35:13-38:29
65                <action android:name="android.intent.action.MAIN" />
65-->src\main\AndroidManifest.xml:36:17-69
65-->src\main\AndroidManifest.xml:36:25-66
66
67                <category android:name="android.intent.category.LAUNCHER" />
67-->src\main\AndroidManifest.xml:37:17-77
67-->src\main\AndroidManifest.xml:37:27-74
68            </intent-filter>
69        </activity>
70
71        <!-- FileProvider para compartir CSV -->
72        <provider
73            android:name="androidx.core.content.FileProvider"
73-->src\main\AndroidManifest.xml:43:13-62
74            android:authorities="com.company.warehousevio.fileprovider"
74-->src\main\AndroidManifest.xml:44:13-64
75            android:exported="false"
75-->src\main\AndroidManifest.xml:45:13-37
76            android:grantUriPermissions="true" >
76-->src\main\AndroidManifest.xml:46:13-47
77            <meta-data
77-->src\main\AndroidManifest.xml:47:13-49:54
78                android:name="android.support.FILE_PROVIDER_PATHS"
78-->src\main\AndroidManifest.xml:48:17-67
79                android:resource="@xml/file_paths" />
79-->src\main\AndroidManifest.xml:49:17-51
80        </provider>
81
82        <activity
82-->[androidx.compose.ui:ui-tooling-android:1.8.2] AndroidManifest.xml:23:9-25:39
83            android:name="androidx.compose.ui.tooling.PreviewActivity"
83-->[androidx.compose.ui:ui-tooling-android:1.8.2] AndroidManifest.xml:24:13-71
84            android:exported="true" />
84-->[androidx.compose.ui:ui-tooling-android:1.8.2] AndroidManifest.xml:25:13-36
85
86        <provider
86-->[androidx.emoji2:emoji2:1.4.0] AndroidManifest.xml:24:9-32:20
87            android:name="androidx.startup.InitializationProvider"
87-->[androidx.emoji2:emoji2:1.4.0] AndroidManifest.xml:25:13-67
88            android:authorities="com.company.warehousevio.androidx-startup"
88-->[androidx.emoji2:emoji2:1.4.0] AndroidManifest.xml:26:13-68
89            android:exported="false" >
89-->[androidx.emoji2:emoji2:1.4.0] AndroidManifest.xml:27:13-37
90            <meta-data
90-->[androidx.emoji2:emoji2:1.4.0] AndroidManifest.xml:29:13-31:52
91                android:name="androidx.emoji2.text.EmojiCompatInitializer"
91-->[androidx.emoji2:emoji2:1.4.0] AndroidManifest.xml:30:17-75
92                android:value="androidx.startup" />
92-->[androidx.emoji2:emoji2:1.4.0] AndroidManifest.xml:31:17-49
93            <meta-data
93-->[androidx.lifecycle:lifecycle-process:2.9.1] AndroidManifest.xml:29:13-31:52
94                android:name="androidx.lifecycle.ProcessLifecycleInitializer"
94-->[androidx.lifecycle:lifecycle-process:2.9.1] AndroidManifest.xml:30:17-78
95                android:value="androidx.startup" />
95-->[androidx.lifecycle:lifecycle-process:2.9.1] AndroidManifest.xml:31:17-49
96            <meta-data
96-->[androidx.profileinstaller:profileinstaller:1.4.0] AndroidManifest.xml:29:13-31:52
97                android:name="androidx.profileinstaller.ProfileInstallerInitializer"
97-->[androidx.profileinstaller:profileinstaller:1.4.0] AndroidManifest.xml:30:17-85
98                android:value="androidx.startup" />
98-->[androidx.profileinstaller:profileinstaller:1.4.0] AndroidManifest.xml:31:17-49
99        </provider>
100
101        <service
101-->[androidx.room:room-runtime-android:2.7.1] AndroidManifest.xml:24:9-28:63
102            android:name="androidx.room.MultiInstanceInvalidationService"
102-->[androidx.room:room-runtime-android:2.7.1] AndroidManifest.xml:25:13-74
103            android:directBootAware="true"
103-->[androidx.room:room-runtime-android:2.7.1] AndroidManifest.xml:26:13-43
104            android:exported="false" /> <!-- The minimal version code of ARCore APK required for an app using this SDK. -->
104-->[androidx.room:room-runtime-android:2.7.1] AndroidManifest.xml:27:13-37
105        <meta-data
105-->[com.google.ar:core:1.47.0] AndroidManifest.xml:32:9-34:41
106            android:name="com.google.ar.core.min_apk_version"
106-->[com.google.ar:core:1.47.0] AndroidManifest.xml:33:13-62
107            android:value="242590000" /> <!-- This activity is critical for installing ARCore when it is not already present. -->
107-->[com.google.ar:core:1.47.0] AndroidManifest.xml:34:13-38
108        <activity
108-->[com.google.ar:core:1.47.0] AndroidManifest.xml:36:9-42:80
109            android:name="com.google.ar.core.InstallActivity"
109-->[com.google.ar:core:1.47.0] AndroidManifest.xml:37:13-62
110            android:configChanges="keyboardHidden|orientation|screenSize"
110-->[com.google.ar:core:1.47.0] AndroidManifest.xml:38:13-74
111            android:excludeFromRecents="true"
111-->[com.google.ar:core:1.47.0] AndroidManifest.xml:39:13-46
112            android:exported="false"
112-->[com.google.ar:core:1.47.0] AndroidManifest.xml:40:13-37
113            android:launchMode="singleTop"
113-->[com.google.ar:core:1.47.0] AndroidManifest.xml:41:13-43
114            android:theme="@android:style/Theme.Material.Light.Dialog.Alert" />
114-->[com.google.ar:core:1.47.0] AndroidManifest.xml:42:13-77
115
116        <receiver
116-->[androidx.profileinstaller:profileinstaller:1.4.0] AndroidManifest.xml:34:9-52:20
117            android:name="androidx.profileinstaller.ProfileInstallReceiver"
117-->[androidx.profileinstaller:profileinstaller:1.4.0] AndroidManifest.xml:35:13-76
118            android:directBootAware="false"
118-->[androidx.profileinstaller:profileinstaller:1.4.0] AndroidManifest.xml:36:13-44
119            android:enabled="true"
119-->[androidx.profileinstaller:profileinstaller:1.4.0] AndroidManifest.xml:37:13-35
120            android:exported="true"
120-->[androidx.profileinstaller:profileinstaller:1.4.0] AndroidManifest.xml:38:13-36
121            android:permission="android.permission.DUMP" >
121-->[androidx.profileinstaller:profileinstaller:1.4.0] AndroidManifest.xml:39:13-57
122            <intent-filter>
122-->[androidx.profileinstaller:profileinstaller:1.4.0] AndroidManifest.xml:40:13-42:29
123                <action android:name="androidx.profileinstaller.action.INSTALL_PROFILE" />
123-->[androidx.profileinstaller:profileinstaller:1.4.0] AndroidManifest.xml:41:17-91
123-->[androidx.profileinstaller:profileinstaller:1.4.0] AndroidManifest.xml:41:25-88
124            </intent-filter>
125            <intent-filter>
125-->[androidx.profileinstaller:profileinstaller:1.4.0] AndroidManifest.xml:43:13-45:29
126                <action android:name="androidx.profileinstaller.action.SKIP_FILE" />
126-->[androidx.profileinstaller:profileinstaller:1.4.0] AndroidManifest.xml:44:17-85
126-->[androidx.profileinstaller:profileinstaller:1.4.0] AndroidManifest.xml:44:25-82
127            </intent-filter>
128            <intent-filter>
128-->[androidx.profileinstaller:profileinstaller:1.4.0] AndroidManifest.xml:46:13-48:29
129                <action android:name="androidx.profileinstaller.action.SAVE_PROFILE" />
129-->[androidx.profileinstaller:profileinstaller:1.4.0] AndroidManifest.xml:47:17-88
129-->[androidx.profileinstaller:profileinstaller:1.4.0] AndroidManifest.xml:47:25-85
130            </intent-filter>
131            <intent-filter>
131-->[androidx.profileinstaller:profileinstaller:1.4.0] AndroidManifest.xml:49:13-51:29
132                <action android:name="androidx.profileinstaller.action.BENCHMARK_OPERATION" />
132-->[androidx.profileinstaller:profileinstaller:1.4.0] AndroidManifest.xml:50:17-95
132-->[androidx.profileinstaller:profileinstaller:1.4.0] AndroidManifest.xml:50:25-92
133            </intent-filter>
134        </receiver>
135    </application>
136
137</manifest>